<?xml version="1.0" encoding="UTF-8"?>
<!-- Generated by org.testng.reporters.JUnitReportReporter -->
<testsuite hostname="DESKTOP-NSJ1APJ" failures="0" tests="1" name="com.facebook.loginTests.LoginTest" time="8.896" errors="0" timestamp="2023-10-14T06:40:49 PDT" skipped="0">
  <testcase classname="com.facebook.loginTests.LoginTest" name="loginTest" time="8.896"/>
  <system-out/>
</testsuite> <!-- com.facebook.loginTests.LoginTest -->
